<?xml version="1.0" encoding="UTF-8"?>
<!-- Generated by org.testng.reporters.JUnitReportReporter -->
<testsuite hostname="MAVBCP3544" failures="0" tests="2" name="com.maveric.Testng" time="11.152" errors="0" timestamp="2021-10-21T22:06:38 PDT" skipped="0">
  <testcase classname="com.maveric.Testng" name="Intialisation" time="6.841"/>
  <system-out/>
  <testcase classname="com.maveric.Testng" name="Intialisation" time="4.311"/>
  <system-out/>
</testsuite> <!-- com.maveric.Testng -->
