<?xml version="1.0" encoding="UTF-8"?>
<!-- Generated by org.testng.reporters.JUnitReportReporter -->
<testsuite hostname="MAVBCP3544" failures="0" tests="1" name="com.maveric.MultipleBrowser" time="0.020" errors="0" timestamp="2021-10-11T21:25:51 PDT" skipped="0">
  <testcase classname="com.maveric.MultipleBrowser" name="main" time="0.020"/>
  <system-out/>
</testsuite> <!-- com.maveric.MultipleBrowser -->
